<?xml version="1.0" encoding="UTF-8"?>
<!-- Generated by org.testng.reporters.JUnitReportReporter -->
<testsuite skipped="0" hostname="DESKTOP-0THIKDA" name="package1.TestCase1" tests="1" failures="0" timestamp="2021-05-22T15:20:46 IST" time="60.601" errors="0">
  <testcase name="testcase1" time="60.601" classname="package1.TestCase1"/>
  <system-out/>
</testsuite> <!-- package1.TestCase1 -->
